0 info it worked if it ends with ok
1 verbose cli [ 'D:\\SilvesterChiao\\nodejs\\node.exe',
1 verbose cli   'D:\\SilvesterChiao\\nodejs\\node_modules\\npm\\bin\\npm-cli.js',
1 verbose cli   'run',
1 verbose cli   'demo' ]
2 info using npm@3.10.10
3 info using node@v6.11.0
4 verbose run-script [ 'predemo', 'demo', 'postdemo' ]
5 info lifecycle Enterprise_WeChat@1.0.0~predemo: Enterprise_WeChat@1.0.0
6 silly lifecycle Enterprise_WeChat@1.0.0~predemo: no script for predemo, continuing
7 info lifecycle Enterprise_WeChat@1.0.0~demo: Enterprise_WeChat@1.0.0
8 verbose lifecycle Enterprise_WeChat@1.0.0~demo: unsafe-perm in lifecycle true
9 verbose lifecycle Enterprise_WeChat@1.0.0~demo: PATH: D:\SilvesterChiao\nodejs\node_modules\npm\bin\node-gyp-bin;E:\GitHub\JunYou\Enterprise_WeChat\node_modules\.bin;D:\SilvesterChiao\Ruby23-x64\bin;C:\Windows\system32;C:\Windows;C:\Windows\System32\Wbem;C:\Windows\System32\WindowsPowerShell\v1.0\;D:\SilvesterChiao\TortoiseSVN\bin;D:\SilvesterChiao\nodejs\;D:\SilvesterChiao\Java\jdk1.7.0_79\bin;D:\SilvesterChiao\Java\jdk1.7.0_79\jre\bin;C:\Users\Administrator\AppData\Local\atom\bin;D:\SilvesterChiao\Sublime Text 2;C:\Users\Administrator\AppData\Local\Google\Chrome\Application;C:\Users\Administrator\AppData\Roaming\npm
10 verbose lifecycle Enterprise_WeChat@1.0.0~demo: CWD: E:\GitHub\JunYou\Enterprise_WeChat
11 silly lifecycle Enterprise_WeChat@1.0.0~demo: Args: [ '/d /s /c',
11 silly lifecycle   'browser-sync start --server --files "./css/*.css, ./*.html"' ]
12 verbose stack Error: kill ENOSYS
12 verbose stack     at exports._errnoException (util.js:1018:11)
12 verbose stack     at process.kill (internal/process.js:190:13)
12 verbose stack     at process.listener (D:\SilvesterChiao\nodejs\node_modules\npm\node_modules\npmlog\node_modules\gauge\node_modules\signal-exit\index.js:86:15)
12 verbose stack     at emitNone (events.js:91:20)
12 verbose stack     at process.emit (events.js:185:7)
12 verbose stack     at processEmit (D:\SilvesterChiao\nodejs\node_modules\npm\node_modules\npmlog\node_modules\gauge\node_modules\signal-exit\index.js:146:32)
12 verbose stack     at processEmit (D:\SilvesterChiao\nodejs\node_modules\npm\node_modules\npm-registry-client\node_modules\npmlog\node_modules\gauge\node_modules\signal-exit\index.js:146:32)
12 verbose stack     at Signal.wrap.onsignal (internal/process.js:217:44)
13 verbose cwd E:\GitHub\JunYou\Enterprise_WeChat
14 error Windows_NT 6.1.7601
15 error argv "D:\\SilvesterChiao\\nodejs\\node.exe" "D:\\SilvesterChiao\\nodejs\\node_modules\\npm\\bin\\npm-cli.js" "run" "demo"
16 error node v6.11.0
17 error npm  v3.10.10
18 error code ENOSYS
19 error errno ENOSYS
20 error syscall kill
21 error kill ENOSYS
22 error If you need help, you may report this error at:
22 error     <https://github.com/npm/npm/issues>
23 verbose exit [ 1, true ]
